2017-08-21 07:35:17 [-][-][-][error][yii\db\Exception] exception 'PDOException' with message 'SQLSTATE[HY000] [1049] Unknown database 'yii2advanced'' in D:\phpStudy\WWW\Yii\vendor\yiisoft\yii2\db\Connection.php:646
Stack trace:
#0 D:\phpStudy\WWW\Yii\vendor\yiisoft\yii2\db\Connection.php(646): PDO->__construct('mysql:host=loca...', 'root', '', NULL)
#1 D:\phpStudy\WWW\Yii\vendor\yiisoft\yii2\db\Connection.php(579): yii\db\Connection->createPdoInstance()
#2 D:\phpStudy\WWW\Yii\vendor\yiisoft\yii2\db\Connection.php(928): yii\db\Connection->open()
#3 D:\phpStudy\WWW\Yii\vendor\yiisoft\yii2\db\Connection.php(915): yii\db\Connection->getMasterPdo()
#4 D:\phpStudy\WWW\Yii\vendor\yiisoft\yii2\db\Command.php(219): yii\db\Connection->getSlavePdo()
#5 D:\phpStudy\WWW\Yii\vendor\yiisoft\yii2\db\Command.php(910): yii\db\Command->prepare(true)
#6 D:\phpStudy\WWW\Yii\vendor\yiisoft\yii2\db\Command.php(362): yii\db\Command->queryInternal('fetchAll', NULL)
#7 D:\phpStudy\WWW\Yii\vendor\yiisoft\yii2\db\mysql\Schema.php(199): yii\db\Command->queryAll()
#8 D:\phpStudy\WWW\Yii\vendor\yiisoft\yii2\db\mysql\Schema.php(98): yii\db\mysql\Schema->findColumns(Object(yii\db\TableSchema))
#9 D:\phpStudy\WWW\Yii\vendor\yiisoft\yii2\db\Schema.php(152): yii\db\mysql\Schema->loadTableSchema('migration')
#10 D:\phpStudy\WWW\Yii\vendor\yiisoft\yii2\console\controllers\MigrateController.php(194): yii\db\Schema->getTableSchema('{{%migration}}', true)
#11 D:\phpStudy\WWW\Yii\vendor\yiisoft\yii2\console\controllers\BaseMigrateController.php(814): yii\console\controllers\MigrateController->getMigrationHistory(NULL)
#12 D:\phpStudy\WWW\Yii\vendor\yiisoft\yii2\console\controllers\BaseMigrateController.php(155): yii\console\controllers\BaseMigrateController->getNewMigrations()
#13 [internal function]: yii\console\controllers\BaseMigrateController->actionUp(0)
#14 D:\phpStudy\WWW\Yii\vendor\yiisoft\yii2\base\InlineAction.php(57): call_user_func_array(Array, Array)
#15 D:\phpStudy\WWW\Yii\vendor\yiisoft\yii2\base\Controller.php(156): yii\base\InlineAction->runWithParams(Array)
#16 D:\phpStudy\WWW\Yii\vendor\yiisoft\yii2\console\Controller.php(128): yii\base\Controller->runAction('', Array)
#17 D:\phpStudy\WWW\Yii\vendor\yiisoft\yii2\base\Module.php(523): yii\console\Controller->runAction('', Array)
#18 D:\phpStudy\WWW\Yii\vendor\yiisoft\yii2\console\Application.php(180): yii\base\Module->runAction('migrate', Array)
#19 D:\phpStudy\WWW\Yii\vendor\yiisoft\yii2\console\Application.php(147): yii\console\Application->runAction('migrate', Array)
#20 D:\phpStudy\WWW\Yii\vendor\yiisoft\yii2\base\Application.php(380): yii\console\Application->handleRequest(Object(yii\console\Request))
#21 D:\phpStudy\WWW\Yii\yii(27): yii\base\Application->run()
#22 {main}

Next exception 'yii\db\Exception' with message 'SQLSTATE[HY000] [1049] Unknown database 'yii2advanced'' in D:\phpStudy\WWW\Yii\vendor\yiisoft\yii2\db\Connection.php:584
Stack trace:
#0 D:\phpStudy\WWW\Yii\vendor\yiisoft\yii2\db\Connection.php(928): yii\db\Connection->open()
#1 D:\phpStudy\WWW\Yii\vendor\yiisoft\yii2\db\Connection.php(915): yii\db\Connection->getMasterPdo()
#2 D:\phpStudy\WWW\Yii\vendor\yiisoft\yii2\db\Command.php(219): yii\db\Connection->getSlavePdo()
#3 D:\phpStudy\WWW\Yii\vendor\yiisoft\yii2\db\Command.php(910): yii\db\Command->prepare(true)
#4 D:\phpStudy\WWW\Yii\vendor\yiisoft\yii2\db\Command.php(362): yii\db\Command->queryInternal('fetchAll', NULL)
#5 D:\phpStudy\WWW\Yii\vendor\yiisoft\yii2\db\mysql\Schema.php(199): yii\db\Command->queryAll()
#6 D:\phpStudy\WWW\Yii\vendor\yiisoft\yii2\db\mysql\Schema.php(98): yii\db\mysql\Schema->findColumns(Object(yii\db\TableSchema))
#7 D:\phpStudy\WWW\Yii\vendor\yiisoft\yii2\db\Schema.php(152): yii\db\mysql\Schema->loadTableSchema('migration')
#8 D:\phpStudy\WWW\Yii\vendor\yiisoft\yii2\console\controllers\MigrateController.php(194): yii\db\Schema->getTableSchema('{{%migration}}', true)
#9 D:\phpStudy\WWW\Yii\vendor\yiisoft\yii2\console\controllers\BaseMigrateController.php(814): yii\console\controllers\MigrateController->getMigrationHistory(NULL)
#10 D:\phpStudy\WWW\Yii\vendor\yiisoft\yii2\console\controllers\BaseMigrateController.php(155): yii\console\controllers\BaseMigrateController->getNewMigrations()
#11 [internal function]: yii\console\controllers\BaseMigrateController->actionUp(0)
#12 D:\phpStudy\WWW\Yii\vendor\yiisoft\yii2\base\InlineAction.php(57): call_user_func_array(Array, Array)
#13 D:\phpStudy\WWW\Yii\vendor\yiisoft\yii2\base\Controller.php(156): yii\base\InlineAction->runWithParams(Array)
#14 D:\phpStudy\WWW\Yii\vendor\yiisoft\yii2\console\Controller.php(128): yii\base\Controller->runAction('', Array)
#15 D:\phpStudy\WWW\Yii\vendor\yiisoft\yii2\base\Module.php(523): yii\console\Controller->runAction('', Array)
#16 D:\phpStudy\WWW\Yii\vendor\yiisoft\yii2\console\Application.php(180): yii\base\Module->runAction('migrate', Array)
#17 D:\phpStudy\WWW\Yii\vendor\yiisoft\yii2\console\Application.php(147): yii\console\Application->runAction('migrate', Array)
#18 D:\phpStudy\WWW\Yii\vendor\yiisoft\yii2\base\Application.php(380): yii\console\Application->handleRequest(Object(yii\console\Request))
#19 D:\phpStudy\WWW\Yii\yii(27): yii\base\Application->run()
#20 {main}
Additional Information:

2017-08-21 07:35:16 [-][-][-][info][application] $_SERVER = [
    'ALLUSERSPROFILE' => 'C:\\ProgramData'
    'APPDATA' => 'C:\\Users\\adminisiator\\AppData\\Roaming'
    'asl_log' => 'Destination=file'
    'CommonProgramFiles' => 'C:\\Program Files (x86)\\Common Files'
    'CommonProgramFiles(x86)' => 'C:\\Program Files (x86)\\Common Files'
    'CommonProgramW6432' => 'C:\\Program Files\\Common Files'
    'COMPUTERNAME' => 'DESKTOP-TTKS2BJ'
    'ComSpec' => 'C:\\WINDOWS\\system32\\cmd.exe'
    'HOMEDRIVE' => 'C:'
    'HOMEPATH' => '\\Users\\adminisiator'
    'LOCALAPPDATA' => 'C:\\Users\\adminisiator\\AppData\\Local'
    'LOGONSERVER' => '\\\\DESKTOP-TTKS2BJ'
    'NUMBER_OF_PROCESSORS' => '4'
    'OneDrive' => 'C:\\Users\\adminisiator\\OneDrive'
    'OS' => 'Windows_NT'
    'Path' => 'D:\\python\\Scripts\\;D:\\python\\;C:\\WINDOWS\\system32;C:\\WINDOWS;C:\\WINDOWS\\System32\\Wbem;C:\\WINDOWS\\System32\\WindowsPowerShell\\v1.0\\;C:\\Program Files\\Git\\cmd;C:\\Program Files\\TortoiseGit\\bin;D:\\qampp\\Data_lib\\perl\\bin;D:\\qampp\\apache\\bin;D:\\qampp\\svnserver\\Subversion\\bin;D:\\qampp\\mysql\\bin;D:\\phpStudy\\php\\php-5.5.38;C:\\composer;C:\\Users\\adminisiator\\AppData\\Local\\Microsoft\\WindowsApps;C:\\Users\\adminisiator\\AppData\\Roaming\\Composer\\vendor\\bin'
    'PATHEXT' => '.COM;.EXE;.BAT;.CMD;.VBS;.VBE;.JS;.JSE;.WSF;.WSH;.MSC;.PY;.PYW'
    'PROCESSOR_ARCHITECTURE' => 'x86'
    'PROCESSOR_ARCHITEW6432' => 'AMD64'
    'PROCESSOR_IDENTIFIER' => 'Intel64 Family 6 Model 94 Stepping 3, GenuineIntel'
    'PROCESSOR_LEVEL' => '6'
    'PROCESSOR_REVISION' => '5e03'
    'ProgramData' => 'C:\\ProgramData'
    'ProgramFiles' => 'C:\\Program Files (x86)'
    'ProgramFiles(x86)' => 'C:\\Program Files (x86)'
    'ProgramW6432' => 'C:\\Program Files'
    'PROMPT' => '$P$G'
    'PSModulePath' => 'C:\\Program Files\\WindowsPowerShell\\Modules;C:\\WINDOWS\\system32\\WindowsPowerShell\\v1.0\\Modules'
    'PUBLIC' => 'C:\\Users\\Public'
    'SESSIONNAME' => 'Console'
    'SystemDrive' => 'C:'
    'SystemRoot' => 'C:\\WINDOWS'
    'TEMP' => 'C:\\Users\\ADMINI~1\\AppData\\Local\\Temp'
    'TMP' => 'C:\\Users\\ADMINI~1\\AppData\\Local\\Temp'
    'USERDOMAIN' => 'DESKTOP-TTKS2BJ'
    'USERDOMAIN_ROAMINGPROFILE' => 'DESKTOP-TTKS2BJ'
    'USERNAME' => 'adminisiator'
    'USERPROFILE' => 'C:\\Users\\adminisiator'
    'windir' => 'C:\\WINDOWS'
    'PHP_SELF' => 'yii'
    'SCRIPT_NAME' => 'yii'
    'SCRIPT_FILENAME' => 'yii'
    'PATH_TRANSLATED' => 'yii'
    'DOCUMENT_ROOT' => ''
    'REQUEST_TIME_FLOAT' => 1503300916.7153
    'REQUEST_TIME' => 1503300916
    'argv' => [
        0 => 'yii'
        1 => 'migrate'
    ]
    'argc' => 2
]
2017-08-21 07:40:57 [-][-][-][error][yii\db\Exception] exception 'PDOException' with message 'SQLSTATE[HY000] [1049] Unknown database 'htm2017qiaoshuai_new_vertion'' in D:\phpStudy\WWW\Yii\vendor\yiisoft\yii2\db\Connection.php:646
Stack trace:
#0 D:\phpStudy\WWW\Yii\vendor\yiisoft\yii2\db\Connection.php(646): PDO->__construct('mysql:host=loca...', 'root', '', NULL)
#1 D:\phpStudy\WWW\Yii\vendor\yiisoft\yii2\db\Connection.php(579): yii\db\Connection->createPdoInstance()
#2 D:\phpStudy\WWW\Yii\vendor\yiisoft\yii2\db\Connection.php(928): yii\db\Connection->open()
#3 D:\phpStudy\WWW\Yii\vendor\yiisoft\yii2\db\Connection.php(915): yii\db\Connection->getMasterPdo()
#4 D:\phpStudy\WWW\Yii\vendor\yiisoft\yii2\db\Command.php(219): yii\db\Connection->getSlavePdo()
#5 D:\phpStudy\WWW\Yii\vendor\yiisoft\yii2\db\Command.php(910): yii\db\Command->prepare(true)
#6 D:\phpStudy\WWW\Yii\vendor\yiisoft\yii2\db\Command.php(362): yii\db\Command->queryInternal('fetchAll', NULL)
#7 D:\phpStudy\WWW\Yii\vendor\yiisoft\yii2\db\mysql\Schema.php(199): yii\db\Command->queryAll()
#8 D:\phpStudy\WWW\Yii\vendor\yiisoft\yii2\db\mysql\Schema.php(98): yii\db\mysql\Schema->findColumns(Object(yii\db\TableSchema))
#9 D:\phpStudy\WWW\Yii\vendor\yiisoft\yii2\db\Schema.php(152): yii\db\mysql\Schema->loadTableSchema('migration')
#10 D:\phpStudy\WWW\Yii\vendor\yiisoft\yii2\console\controllers\MigrateController.php(194): yii\db\Schema->getTableSchema('{{%migration}}', true)
#11 D:\phpStudy\WWW\Yii\vendor\yiisoft\yii2\console\controllers\BaseMigrateController.php(814): yii\console\controllers\MigrateController->getMigrationHistory(NULL)
#12 D:\phpStudy\WWW\Yii\vendor\yiisoft\yii2\console\controllers\BaseMigrateController.php(155): yii\console\controllers\BaseMigrateController->getNewMigrations()
#13 [internal function]: yii\console\controllers\BaseMigrateController->actionUp(0)
#14 D:\phpStudy\WWW\Yii\vendor\yiisoft\yii2\base\InlineAction.php(57): call_user_func_array(Array, Array)
#15 D:\phpStudy\WWW\Yii\vendor\yiisoft\yii2\base\Controller.php(156): yii\base\InlineAction->runWithParams(Array)
#16 D:\phpStudy\WWW\Yii\vendor\yiisoft\yii2\console\Controller.php(128): yii\base\Controller->runAction('', Array)
#17 D:\phpStudy\WWW\Yii\vendor\yiisoft\yii2\base\Module.php(523): yii\console\Controller->runAction('', Array)
#18 D:\phpStudy\WWW\Yii\vendor\yiisoft\yii2\console\Application.php(180): yii\base\Module->runAction('migrate', Array)
#19 D:\phpStudy\WWW\Yii\vendor\yiisoft\yii2\console\Application.php(147): yii\console\Application->runAction('migrate', Array)
#20 D:\phpStudy\WWW\Yii\vendor\yiisoft\yii2\base\Application.php(380): yii\console\Application->handleRequest(Object(yii\console\Request))
#21 D:\phpStudy\WWW\Yii\yii(27): yii\base\Application->run()
#22 {main}

Next exception 'yii\db\Exception' with message 'SQLSTATE[HY000] [1049] Unknown database 'htm2017qiaoshuai_new_vertion'' in D:\phpStudy\WWW\Yii\vendor\yiisoft\yii2\db\Connection.php:584
Stack trace:
#0 D:\phpStudy\WWW\Yii\vendor\yiisoft\yii2\db\Connection.php(928): yii\db\Connection->open()
#1 D:\phpStudy\WWW\Yii\vendor\yiisoft\yii2\db\Connection.php(915): yii\db\Connection->getMasterPdo()
#2 D:\phpStudy\WWW\Yii\vendor\yiisoft\yii2\db\Command.php(219): yii\db\Connection->getSlavePdo()
#3 D:\phpStudy\WWW\Yii\vendor\yiisoft\yii2\db\Command.php(910): yii\db\Command->prepare(true)
#4 D:\phpStudy\WWW\Yii\vendor\yiisoft\yii2\db\Command.php(362): yii\db\Command->queryInternal('fetchAll', NULL)
#5 D:\phpStudy\WWW\Yii\vendor\yiisoft\yii2\db\mysql\Schema.php(199): yii\db\Command->queryAll()
#6 D:\phpStudy\WWW\Yii\vendor\yiisoft\yii2\db\mysql\Schema.php(98): yii\db\mysql\Schema->findColumns(Object(yii\db\TableSchema))
#7 D:\phpStudy\WWW\Yii\vendor\yiisoft\yii2\db\Schema.php(152): yii\db\mysql\Schema->loadTableSchema('migration')
#8 D:\phpStudy\WWW\Yii\vendor\yiisoft\yii2\console\controllers\MigrateController.php(194): yii\db\Schema->getTableSchema('{{%migration}}', true)
#9 D:\phpStudy\WWW\Yii\vendor\yiisoft\yii2\console\controllers\BaseMigrateController.php(814): yii\console\controllers\MigrateController->getMigrationHistory(NULL)
#10 D:\phpStudy\WWW\Yii\vendor\yiisoft\yii2\console\controllers\BaseMigrateController.php(155): yii\console\controllers\BaseMigrateController->getNewMigrations()
#11 [internal function]: yii\console\controllers\BaseMigrateController->actionUp(0)
#12 D:\phpStudy\WWW\Yii\vendor\yiisoft\yii2\base\InlineAction.php(57): call_user_func_array(Array, Array)
#13 D:\phpStudy\WWW\Yii\vendor\yiisoft\yii2\base\Controller.php(156): yii\base\InlineAction->runWithParams(Array)
#14 D:\phpStudy\WWW\Yii\vendor\yiisoft\yii2\console\Controller.php(128): yii\base\Controller->runAction('', Array)
#15 D:\phpStudy\WWW\Yii\vendor\yiisoft\yii2\base\Module.php(523): yii\console\Controller->runAction('', Array)
#16 D:\phpStudy\WWW\Yii\vendor\yiisoft\yii2\console\Application.php(180): yii\base\Module->runAction('migrate', Array)
#17 D:\phpStudy\WWW\Yii\vendor\yiisoft\yii2\console\Application.php(147): yii\console\Application->runAction('migrate', Array)
#18 D:\phpStudy\WWW\Yii\vendor\yiisoft\yii2\base\Application.php(380): yii\console\Application->handleRequest(Object(yii\console\Request))
#19 D:\phpStudy\WWW\Yii\yii(27): yii\base\Application->run()
#20 {main}
Additional Information:

2017-08-21 07:40:56 [-][-][-][info][application] $_SERVER = [
    'ALLUSERSPROFILE' => 'C:\\ProgramData'
    'APPDATA' => 'C:\\Users\\adminisiator\\AppData\\Roaming'
    'asl_log' => 'Destination=file'
    'CommonProgramFiles' => 'C:\\Program Files (x86)\\Common Files'
    'CommonProgramFiles(x86)' => 'C:\\Program Files (x86)\\Common Files'
    'CommonProgramW6432' => 'C:\\Program Files\\Common Files'
    'COMPUTERNAME' => 'DESKTOP-TTKS2BJ'
    'ComSpec' => 'C:\\WINDOWS\\system32\\cmd.exe'
    'HOMEDRIVE' => 'C:'
    'HOMEPATH' => '\\Users\\adminisiator'
    'LOCALAPPDATA' => 'C:\\Users\\adminisiator\\AppData\\Local'
    'LOGONSERVER' => '\\\\DESKTOP-TTKS2BJ'
    'NUMBER_OF_PROCESSORS' => '4'
    'OneDrive' => 'C:\\Users\\adminisiator\\OneDrive'
    'OS' => 'Windows_NT'
    'Path' => 'D:\\python\\Scripts\\;D:\\python\\;C:\\WINDOWS\\system32;C:\\WINDOWS;C:\\WINDOWS\\System32\\Wbem;C:\\WINDOWS\\System32\\WindowsPowerShell\\v1.0\\;C:\\Program Files\\Git\\cmd;C:\\Program Files\\TortoiseGit\\bin;D:\\qampp\\Data_lib\\perl\\bin;D:\\qampp\\apache\\bin;D:\\qampp\\svnserver\\Subversion\\bin;D:\\qampp\\mysql\\bin;D:\\phpStudy\\php\\php-5.5.38;C:\\composer;C:\\Users\\adminisiator\\AppData\\Local\\Microsoft\\WindowsApps;C:\\Users\\adminisiator\\AppData\\Roaming\\Composer\\vendor\\bin'
    'PATHEXT' => '.COM;.EXE;.BAT;.CMD;.VBS;.VBE;.JS;.JSE;.WSF;.WSH;.MSC;.PY;.PYW'
    'PROCESSOR_ARCHITECTURE' => 'x86'
    'PROCESSOR_ARCHITEW6432' => 'AMD64'
    'PROCESSOR_IDENTIFIER' => 'Intel64 Family 6 Model 94 Stepping 3, GenuineIntel'
    'PROCESSOR_LEVEL' => '6'
    'PROCESSOR_REVISION' => '5e03'
    'ProgramData' => 'C:\\ProgramData'
    'ProgramFiles' => 'C:\\Program Files (x86)'
    'ProgramFiles(x86)' => 'C:\\Program Files (x86)'
    'ProgramW6432' => 'C:\\Program Files'
    'PROMPT' => '$P$G'
    'PSModulePath' => 'C:\\Program Files\\WindowsPowerShell\\Modules;C:\\WINDOWS\\system32\\WindowsPowerShell\\v1.0\\Modules'
    'PUBLIC' => 'C:\\Users\\Public'
    'SESSIONNAME' => 'Console'
    'SystemDrive' => 'C:'
    'SystemRoot' => 'C:\\WINDOWS'
    'TEMP' => 'C:\\Users\\ADMINI~1\\AppData\\Local\\Temp'
    'TMP' => 'C:\\Users\\ADMINI~1\\AppData\\Local\\Temp'
    'USERDOMAIN' => 'DESKTOP-TTKS2BJ'
    'USERDOMAIN_ROAMINGPROFILE' => 'DESKTOP-TTKS2BJ'
    'USERNAME' => 'adminisiator'
    'USERPROFILE' => 'C:\\Users\\adminisiator'
    'windir' => 'C:\\WINDOWS'
    'PHP_SELF' => 'yii'
    'SCRIPT_NAME' => 'yii'
    'SCRIPT_FILENAME' => 'yii'
    'PATH_TRANSLATED' => 'yii'
    'DOCUMENT_ROOT' => ''
    'REQUEST_TIME_FLOAT' => 1503301256.8446
    'REQUEST_TIME' => 1503301256
    'argv' => [
        0 => 'yii'
        1 => 'migrate'
    ]
    'argc' => 2
]
2017-08-21 07:41:11 [-][-][-][error][yii\db\Exception] exception 'PDOException' with message 'SQLSTATE[HY000] [1049] Unknown database 'htm2017qiaoshuai_new_vertion'' in D:\phpStudy\WWW\Yii\vendor\yiisoft\yii2\db\Connection.php:646
Stack trace:
#0 D:\phpStudy\WWW\Yii\vendor\yiisoft\yii2\db\Connection.php(646): PDO->__construct('mysql:host=loca...', 'root', '', NULL)
#1 D:\phpStudy\WWW\Yii\vendor\yiisoft\yii2\db\Connection.php(579): yii\db\Connection->createPdoInstance()
#2 D:\phpStudy\WWW\Yii\vendor\yiisoft\yii2\db\Connection.php(928): yii\db\Connection->open()
#3 D:\phpStudy\WWW\Yii\vendor\yiisoft\yii2\db\Connection.php(915): yii\db\Connection->getMasterPdo()
#4 D:\phpStudy\WWW\Yii\vendor\yiisoft\yii2\db\Command.php(219): yii\db\Connection->getSlavePdo()
#5 D:\phpStudy\WWW\Yii\vendor\yiisoft\yii2\db\Command.php(910): yii\db\Command->prepare(true)
#6 D:\phpStudy\WWW\Yii\vendor\yiisoft\yii2\db\Command.php(362): yii\db\Command->queryInternal('fetchAll', NULL)
#7 D:\phpStudy\WWW\Yii\vendor\yiisoft\yii2\db\mysql\Schema.php(199): yii\db\Command->queryAll()
#8 D:\phpStudy\WWW\Yii\vendor\yiisoft\yii2\db\mysql\Schema.php(98): yii\db\mysql\Schema->findColumns(Object(yii\db\TableSchema))
#9 D:\phpStudy\WWW\Yii\vendor\yiisoft\yii2\db\Schema.php(152): yii\db\mysql\Schema->loadTableSchema('migration')
#10 D:\phpStudy\WWW\Yii\vendor\yiisoft\yii2\console\controllers\MigrateController.php(194): yii\db\Schema->getTableSchema('{{%migration}}', true)
#11 D:\phpStudy\WWW\Yii\vendor\yiisoft\yii2\console\controllers\BaseMigrateController.php(814): yii\console\controllers\MigrateController->getMigrationHistory(NULL)
#12 D:\phpStudy\WWW\Yii\vendor\yiisoft\yii2\console\controllers\BaseMigrateController.php(155): yii\console\controllers\BaseMigrateController->getNewMigrations()
#13 [internal function]: yii\console\controllers\BaseMigrateController->actionUp(0)
#14 D:\phpStudy\WWW\Yii\vendor\yiisoft\yii2\base\InlineAction.php(57): call_user_func_array(Array, Array)
#15 D:\phpStudy\WWW\Yii\vendor\yiisoft\yii2\base\Controller.php(156): yii\base\InlineAction->runWithParams(Array)
#16 D:\phpStudy\WWW\Yii\vendor\yiisoft\yii2\console\Controller.php(128): yii\base\Controller->runAction('', Array)
#17 D:\phpStudy\WWW\Yii\vendor\yiisoft\yii2\base\Module.php(523): yii\console\Controller->runAction('', Array)
#18 D:\phpStudy\WWW\Yii\vendor\yiisoft\yii2\console\Application.php(180): yii\base\Module->runAction('migrate', Array)
#19 D:\phpStudy\WWW\Yii\vendor\yiisoft\yii2\console\Application.php(147): yii\console\Application->runAction('migrate', Array)
#20 D:\phpStudy\WWW\Yii\vendor\yiisoft\yii2\base\Application.php(380): yii\console\Application->handleRequest(Object(yii\console\Request))
#21 D:\phpStudy\WWW\Yii\yii(27): yii\base\Application->run()
#22 {main}

Next exception 'yii\db\Exception' with message 'SQLSTATE[HY000] [1049] Unknown database 'htm2017qiaoshuai_new_vertion'' in D:\phpStudy\WWW\Yii\vendor\yiisoft\yii2\db\Connection.php:584
Stack trace:
#0 D:\phpStudy\WWW\Yii\vendor\yiisoft\yii2\db\Connection.php(928): yii\db\Connection->open()
#1 D:\phpStudy\WWW\Yii\vendor\yiisoft\yii2\db\Connection.php(915): yii\db\Connection->getMasterPdo()
#2 D:\phpStudy\WWW\Yii\vendor\yiisoft\yii2\db\Command.php(219): yii\db\Connection->getSlavePdo()
#3 D:\phpStudy\WWW\Yii\vendor\yiisoft\yii2\db\Command.php(910): yii\db\Command->prepare(true)
#4 D:\phpStudy\WWW\Yii\vendor\yiisoft\yii2\db\Command.php(362): yii\db\Command->queryInternal('fetchAll', NULL)
#5 D:\phpStudy\WWW\Yii\vendor\yiisoft\yii2\db\mysql\Schema.php(199): yii\db\Command->queryAll()
#6 D:\phpStudy\WWW\Yii\vendor\yiisoft\yii2\db\mysql\Schema.php(98): yii\db\mysql\Schema->findColumns(Object(yii\db\TableSchema))
#7 D:\phpStudy\WWW\Yii\vendor\yiisoft\yii2\db\Schema.php(152): yii\db\mysql\Schema->loadTableSchema('migration')
#8 D:\phpStudy\WWW\Yii\vendor\yiisoft\yii2\console\controllers\MigrateController.php(194): yii\db\Schema->getTableSchema('{{%migration}}', true)
#9 D:\phpStudy\WWW\Yii\vendor\yiisoft\yii2\console\controllers\BaseMigrateController.php(814): yii\console\controllers\MigrateController->getMigrationHistory(NULL)
#10 D:\phpStudy\WWW\Yii\vendor\yiisoft\yii2\console\controllers\BaseMigrateController.php(155): yii\console\controllers\BaseMigrateController->getNewMigrations()
#11 [internal function]: yii\console\controllers\BaseMigrateController->actionUp(0)
#12 D:\phpStudy\WWW\Yii\vendor\yiisoft\yii2\base\InlineAction.php(57): call_user_func_array(Array, Array)
#13 D:\phpStudy\WWW\Yii\vendor\yiisoft\yii2\base\Controller.php(156): yii\base\InlineAction->runWithParams(Array)
#14 D:\phpStudy\WWW\Yii\vendor\yiisoft\yii2\console\Controller.php(128): yii\base\Controller->runAction('', Array)
#15 D:\phpStudy\WWW\Yii\vendor\yiisoft\yii2\base\Module.php(523): yii\console\Controller->runAction('', Array)
#16 D:\phpStudy\WWW\Yii\vendor\yiisoft\yii2\console\Application.php(180): yii\base\Module->runAction('migrate', Array)
#17 D:\phpStudy\WWW\Yii\vendor\yiisoft\yii2\console\Application.php(147): yii\console\Application->runAction('migrate', Array)
#18 D:\phpStudy\WWW\Yii\vendor\yiisoft\yii2\base\Application.php(380): yii\console\Application->handleRequest(Object(yii\console\Request))
#19 D:\phpStudy\WWW\Yii\yii(27): yii\base\Application->run()
#20 {main}
Additional Information:

2017-08-21 07:41:10 [-][-][-][info][application] $_SERVER = [
    'ALLUSERSPROFILE' => 'C:\\ProgramData'
    'APPDATA' => 'C:\\Users\\adminisiator\\AppData\\Roaming'
    'asl_log' => 'Destination=file'
    'CommonProgramFiles' => 'C:\\Program Files (x86)\\Common Files'
    'CommonProgramFiles(x86)' => 'C:\\Program Files (x86)\\Common Files'
    'CommonProgramW6432' => 'C:\\Program Files\\Common Files'
    'COMPUTERNAME' => 'DESKTOP-TTKS2BJ'
    'ComSpec' => 'C:\\WINDOWS\\system32\\cmd.exe'
    'HOMEDRIVE' => 'C:'
    'HOMEPATH' => '\\Users\\adminisiator'
    'LOCALAPPDATA' => 'C:\\Users\\adminisiator\\AppData\\Local'
    'LOGONSERVER' => '\\\\DESKTOP-TTKS2BJ'
    'NUMBER_OF_PROCESSORS' => '4'
    'OneDrive' => 'C:\\Users\\adminisiator\\OneDrive'
    'OS' => 'Windows_NT'
    'Path' => 'D:\\python\\Scripts\\;D:\\python\\;C:\\WINDOWS\\system32;C:\\WINDOWS;C:\\WINDOWS\\System32\\Wbem;C:\\WINDOWS\\System32\\WindowsPowerShell\\v1.0\\;C:\\Program Files\\Git\\cmd;C:\\Program Files\\TortoiseGit\\bin;D:\\qampp\\Data_lib\\perl\\bin;D:\\qampp\\apache\\bin;D:\\qampp\\svnserver\\Subversion\\bin;D:\\qampp\\mysql\\bin;D:\\phpStudy\\php\\php-5.5.38;C:\\composer;C:\\Users\\adminisiator\\AppData\\Local\\Microsoft\\WindowsApps;C:\\Users\\adminisiator\\AppData\\Roaming\\Composer\\vendor\\bin'
    'PATHEXT' => '.COM;.EXE;.BAT;.CMD;.VBS;.VBE;.JS;.JSE;.WSF;.WSH;.MSC;.PY;.PYW'
    'PHP_COMMAND' => 'php.exe'
    'PROCESSOR_ARCHITECTURE' => 'x86'
    'PROCESSOR_ARCHITEW6432' => 'AMD64'
    'PROCESSOR_IDENTIFIER' => 'Intel64 Family 6 Model 94 Stepping 3, GenuineIntel'
    'PROCESSOR_LEVEL' => '6'
    'PROCESSOR_REVISION' => '5e03'
    'ProgramData' => 'C:\\ProgramData'
    'ProgramFiles' => 'C:\\Program Files (x86)'
    'ProgramFiles(x86)' => 'C:\\Program Files (x86)'
    'ProgramW6432' => 'C:\\Program Files'
    'PROMPT' => '$P$G'
    'PSModulePath' => 'C:\\Program Files\\WindowsPowerShell\\Modules;C:\\WINDOWS\\system32\\WindowsPowerShell\\v1.0\\Modules'
    'PUBLIC' => 'C:\\Users\\Public'
    'SESSIONNAME' => 'Console'
    'SystemDrive' => 'C:'
    'SystemRoot' => 'C:\\WINDOWS'
    'TEMP' => 'C:\\Users\\ADMINI~1\\AppData\\Local\\Temp'
    'TMP' => 'C:\\Users\\ADMINI~1\\AppData\\Local\\Temp'
    'USERDOMAIN' => 'DESKTOP-TTKS2BJ'
    'USERDOMAIN_ROAMINGPROFILE' => 'DESKTOP-TTKS2BJ'
    'USERNAME' => 'adminisiator'
    'USERPROFILE' => 'C:\\Users\\adminisiator'
    'windir' => 'C:\\WINDOWS'
    'YII_PATH' => 'D:\\phpStudy\\WWW\\Yii\\'
    'PHP_SELF' => 'D:\\phpStudy\\WWW\\Yii\\yii'
    'SCRIPT_NAME' => 'D:\\phpStudy\\WWW\\Yii\\yii'
    'SCRIPT_FILENAME' => 'D:\\phpStudy\\WWW\\Yii\\yii'
    'PATH_TRANSLATED' => 'D:\\phpStudy\\WWW\\Yii\\yii'
    'DOCUMENT_ROOT' => ''
    'REQUEST_TIME_FLOAT' => 1503301270.851
    'REQUEST_TIME' => 1503301270
    'argv' => [
        0 => 'D:\\phpStudy\\WWW\\Yii\\yii'
        1 => 'migrate'
    ]
    'argc' => 2
]
2017-08-21 07:42:07 [-][-][-][error][yii\db\Exception] exception 'PDOException' with message 'SQLSTATE[HY000] [1049] Unknown database 'htm2017qiaoshuai_new_vertion'' in D:\phpStudy\WWW\Yii\vendor\yiisoft\yii2\db\Connection.php:646
Stack trace:
#0 D:\phpStudy\WWW\Yii\vendor\yiisoft\yii2\db\Connection.php(646): PDO->__construct('mysql:host=loca...', 'root', '', NULL)
#1 D:\phpStudy\WWW\Yii\vendor\yiisoft\yii2\db\Connection.php(579): yii\db\Connection->createPdoInstance()
#2 D:\phpStudy\WWW\Yii\vendor\yiisoft\yii2\db\Connection.php(928): yii\db\Connection->open()
#3 D:\phpStudy\WWW\Yii\vendor\yiisoft\yii2\db\Connection.php(915): yii\db\Connection->getMasterPdo()
#4 D:\phpStudy\WWW\Yii\vendor\yiisoft\yii2\db\Command.php(219): yii\db\Connection->getSlavePdo()
#5 D:\phpStudy\WWW\Yii\vendor\yiisoft\yii2\db\Command.php(910): yii\db\Command->prepare(true)
#6 D:\phpStudy\WWW\Yii\vendor\yiisoft\yii2\db\Command.php(362): yii\db\Command->queryInternal('fetchAll', NULL)
#7 D:\phpStudy\WWW\Yii\vendor\yiisoft\yii2\db\mysql\Schema.php(199): yii\db\Command->queryAll()
#8 D:\phpStudy\WWW\Yii\vendor\yiisoft\yii2\db\mysql\Schema.php(98): yii\db\mysql\Schema->findColumns(Object(yii\db\TableSchema))
#9 D:\phpStudy\WWW\Yii\vendor\yiisoft\yii2\db\Schema.php(152): yii\db\mysql\Schema->loadTableSchema('migration')
#10 D:\phpStudy\WWW\Yii\vendor\yiisoft\yii2\console\controllers\MigrateController.php(194): yii\db\Schema->getTableSchema('{{%migration}}', true)
#11 D:\phpStudy\WWW\Yii\vendor\yiisoft\yii2\console\controllers\BaseMigrateController.php(814): yii\console\controllers\MigrateController->getMigrationHistory(NULL)
#12 D:\phpStudy\WWW\Yii\vendor\yiisoft\yii2\console\controllers\BaseMigrateController.php(155): yii\console\controllers\BaseMigrateController->getNewMigrations()
#13 [internal function]: yii\console\controllers\BaseMigrateController->actionUp(0)
#14 D:\phpStudy\WWW\Yii\vendor\yiisoft\yii2\base\InlineAction.php(57): call_user_func_array(Array, Array)
#15 D:\phpStudy\WWW\Yii\vendor\yiisoft\yii2\base\Controller.php(156): yii\base\InlineAction->runWithParams(Array)
#16 D:\phpStudy\WWW\Yii\vendor\yiisoft\yii2\console\Controller.php(128): yii\base\Controller->runAction('', Array)
#17 D:\phpStudy\WWW\Yii\vendor\yiisoft\yii2\base\Module.php(523): yii\console\Controller->runAction('', Array)
#18 D:\phpStudy\WWW\Yii\vendor\yiisoft\yii2\console\Application.php(180): yii\base\Module->runAction('migrate', Array)
#19 D:\phpStudy\WWW\Yii\vendor\yiisoft\yii2\console\Application.php(147): yii\console\Application->runAction('migrate', Array)
#20 D:\phpStudy\WWW\Yii\vendor\yiisoft\yii2\base\Application.php(380): yii\console\Application->handleRequest(Object(yii\console\Request))
#21 D:\phpStudy\WWW\Yii\yii(27): yii\base\Application->run()
#22 {main}

Next exception 'yii\db\Exception' with message 'SQLSTATE[HY000] [1049] Unknown database 'htm2017qiaoshuai_new_vertion'' in D:\phpStudy\WWW\Yii\vendor\yiisoft\yii2\db\Connection.php:584
Stack trace:
#0 D:\phpStudy\WWW\Yii\vendor\yiisoft\yii2\db\Connection.php(928): yii\db\Connection->open()
#1 D:\phpStudy\WWW\Yii\vendor\yiisoft\yii2\db\Connection.php(915): yii\db\Connection->getMasterPdo()
#2 D:\phpStudy\WWW\Yii\vendor\yiisoft\yii2\db\Command.php(219): yii\db\Connection->getSlavePdo()
#3 D:\phpStudy\WWW\Yii\vendor\yiisoft\yii2\db\Command.php(910): yii\db\Command->prepare(true)
#4 D:\phpStudy\WWW\Yii\vendor\yiisoft\yii2\db\Command.php(362): yii\db\Command->queryInternal('fetchAll', NULL)
#5 D:\phpStudy\WWW\Yii\vendor\yiisoft\yii2\db\mysql\Schema.php(199): yii\db\Command->queryAll()
#6 D:\phpStudy\WWW\Yii\vendor\yiisoft\yii2\db\mysql\Schema.php(98): yii\db\mysql\Schema->findColumns(Object(yii\db\TableSchema))
#7 D:\phpStudy\WWW\Yii\vendor\yiisoft\yii2\db\Schema.php(152): yii\db\mysql\Schema->loadTableSchema('migration')
#8 D:\phpStudy\WWW\Yii\vendor\yiisoft\yii2\console\controllers\MigrateController.php(194): yii\db\Schema->getTableSchema('{{%migration}}', true)
#9 D:\phpStudy\WWW\Yii\vendor\yiisoft\yii2\console\controllers\BaseMigrateController.php(814): yii\console\controllers\MigrateController->getMigrationHistory(NULL)
#10 D:\phpStudy\WWW\Yii\vendor\yiisoft\yii2\console\controllers\BaseMigrateController.php(155): yii\console\controllers\BaseMigrateController->getNewMigrations()
#11 [internal function]: yii\console\controllers\BaseMigrateController->actionUp(0)
#12 D:\phpStudy\WWW\Yii\vendor\yiisoft\yii2\base\InlineAction.php(57): call_user_func_array(Array, Array)
#13 D:\phpStudy\WWW\Yii\vendor\yiisoft\yii2\base\Controller.php(156): yii\base\InlineAction->runWithParams(Array)
#14 D:\phpStudy\WWW\Yii\vendor\yiisoft\yii2\console\Controller.php(128): yii\base\Controller->runAction('', Array)
#15 D:\phpStudy\WWW\Yii\vendor\yiisoft\yii2\base\Module.php(523): yii\console\Controller->runAction('', Array)
#16 D:\phpStudy\WWW\Yii\vendor\yiisoft\yii2\console\Application.php(180): yii\base\Module->runAction('migrate', Array)
#17 D:\phpStudy\WWW\Yii\vendor\yiisoft\yii2\console\Application.php(147): yii\console\Application->runAction('migrate', Array)
#18 D:\phpStudy\WWW\Yii\vendor\yiisoft\yii2\base\Application.php(380): yii\console\Application->handleRequest(Object(yii\console\Request))
#19 D:\phpStudy\WWW\Yii\yii(27): yii\base\Application->run()
#20 {main}
Additional Information:

2017-08-21 07:42:06 [-][-][-][info][application] $_SERVER = [
    'ALLUSERSPROFILE' => 'C:\\ProgramData'
    'APPDATA' => 'C:\\Users\\adminisiator\\AppData\\Roaming'
    'asl_log' => 'Destination=file'
    'CommonProgramFiles' => 'C:\\Program Files (x86)\\Common Files'
    'CommonProgramFiles(x86)' => 'C:\\Program Files (x86)\\Common Files'
    'CommonProgramW6432' => 'C:\\Program Files\\Common Files'
    'COMPUTERNAME' => 'DESKTOP-TTKS2BJ'
    'ComSpec' => 'C:\\WINDOWS\\system32\\cmd.exe'
    'HOMEDRIVE' => 'C:'
    'HOMEPATH' => '\\Users\\adminisiator'
    'LOCALAPPDATA' => 'C:\\Users\\adminisiator\\AppData\\Local'
    'LOGONSERVER' => '\\\\DESKTOP-TTKS2BJ'
    'NUMBER_OF_PROCESSORS' => '4'
    'OneDrive' => 'C:\\Users\\adminisiator\\OneDrive'
    'OS' => 'Windows_NT'
    'Path' => 'D:\\python\\Scripts\\;D:\\python\\;C:\\WINDOWS\\system32;C:\\WINDOWS;C:\\WINDOWS\\System32\\Wbem;C:\\WINDOWS\\System32\\WindowsPowerShell\\v1.0\\;C:\\Program Files\\Git\\cmd;C:\\Program Files\\TortoiseGit\\bin;D:\\qampp\\Data_lib\\perl\\bin;D:\\qampp\\apache\\bin;D:\\qampp\\svnserver\\Subversion\\bin;D:\\qampp\\mysql\\bin;D:\\phpStudy\\php\\php-5.5.38;C:\\composer;C:\\Users\\adminisiator\\AppData\\Local\\Microsoft\\WindowsApps;C:\\Users\\adminisiator\\AppData\\Roaming\\Composer\\vendor\\bin'
    'PATHEXT' => '.COM;.EXE;.BAT;.CMD;.VBS;.VBE;.JS;.JSE;.WSF;.WSH;.MSC;.PY;.PYW'
    'PHP_COMMAND' => 'php.exe'
    'PROCESSOR_ARCHITECTURE' => 'x86'
    'PROCESSOR_ARCHITEW6432' => 'AMD64'
    'PROCESSOR_IDENTIFIER' => 'Intel64 Family 6 Model 94 Stepping 3, GenuineIntel'
    'PROCESSOR_LEVEL' => '6'
    'PROCESSOR_REVISION' => '5e03'
    'ProgramData' => 'C:\\ProgramData'
    'ProgramFiles' => 'C:\\Program Files (x86)'
    'ProgramFiles(x86)' => 'C:\\Program Files (x86)'
    'ProgramW6432' => 'C:\\Program Files'
    'PROMPT' => '$P$G'
    'PSModulePath' => 'C:\\Program Files\\WindowsPowerShell\\Modules;C:\\WINDOWS\\system32\\WindowsPowerShell\\v1.0\\Modules'
    'PUBLIC' => 'C:\\Users\\Public'
    'SESSIONNAME' => 'Console'
    'SystemDrive' => 'C:'
    'SystemRoot' => 'C:\\WINDOWS'
    'TEMP' => 'C:\\Users\\ADMINI~1\\AppData\\Local\\Temp'
    'TMP' => 'C:\\Users\\ADMINI~1\\AppData\\Local\\Temp'
    'USERDOMAIN' => 'DESKTOP-TTKS2BJ'
    'USERDOMAIN_ROAMINGPROFILE' => 'DESKTOP-TTKS2BJ'
    'USERNAME' => 'adminisiator'
    'USERPROFILE' => 'C:\\Users\\adminisiator'
    'windir' => 'C:\\WINDOWS'
    'YII_PATH' => 'D:\\phpStudy\\WWW\\Yii\\'
    'PHP_SELF' => 'D:\\phpStudy\\WWW\\Yii\\yii'
    'SCRIPT_NAME' => 'D:\\phpStudy\\WWW\\Yii\\yii'
    'SCRIPT_FILENAME' => 'D:\\phpStudy\\WWW\\Yii\\yii'
    'PATH_TRANSLATED' => 'D:\\phpStudy\\WWW\\Yii\\yii'
    'DOCUMENT_ROOT' => ''
    'REQUEST_TIME_FLOAT' => 1503301326.0232
    'REQUEST_TIME' => 1503301326
    'argv' => [
        0 => 'D:\\phpStudy\\WWW\\Yii\\yii'
        1 => 'migrate'
    ]
    'argc' => 2
]
2017-08-21 07:43:15 [-][-][-][error][yii\db\Exception] exception 'PDOException' with message 'SQLSTATE[HY000] [1049] Unknown database 'htm2017qiaoshuai_new_vertion'' in D:\phpStudy\WWW\Yii\vendor\yiisoft\yii2\db\Connection.php:646
Stack trace:
#0 D:\phpStudy\WWW\Yii\vendor\yiisoft\yii2\db\Connection.php(646): PDO->__construct('mysql:host=loca...', 'root', '', NULL)
#1 D:\phpStudy\WWW\Yii\vendor\yiisoft\yii2\db\Connection.php(579): yii\db\Connection->createPdoInstance()
#2 D:\phpStudy\WWW\Yii\vendor\yiisoft\yii2\db\Connection.php(928): yii\db\Connection->open()
#3 D:\phpStudy\WWW\Yii\vendor\yiisoft\yii2\db\Connection.php(915): yii\db\Connection->getMasterPdo()
#4 D:\phpStudy\WWW\Yii\vendor\yiisoft\yii2\db\Command.php(219): yii\db\Connection->getSlavePdo()
#5 D:\phpStudy\WWW\Yii\vendor\yiisoft\yii2\db\Command.php(910): yii\db\Command->prepare(true)
#6 D:\phpStudy\WWW\Yii\vendor\yiisoft\yii2\db\Command.php(362): yii\db\Command->queryInternal('fetchAll', NULL)
#7 D:\phpStudy\WWW\Yii\vendor\yiisoft\yii2\db\mysql\Schema.php(199): yii\db\Command->queryAll()
#8 D:\phpStudy\WWW\Yii\vendor\yiisoft\yii2\db\mysql\Schema.php(98): yii\db\mysql\Schema->findColumns(Object(yii\db\TableSchema))
#9 D:\phpStudy\WWW\Yii\vendor\yiisoft\yii2\db\Schema.php(152): yii\db\mysql\Schema->loadTableSchema('migration')
#10 D:\phpStudy\WWW\Yii\vendor\yiisoft\yii2\console\controllers\MigrateController.php(194): yii\db\Schema->getTableSchema('{{%migration}}', true)
#11 D:\phpStudy\WWW\Yii\vendor\yiisoft\yii2\console\controllers\BaseMigrateController.php(814): yii\console\controllers\MigrateController->getMigrationHistory(NULL)
#12 D:\phpStudy\WWW\Yii\vendor\yiisoft\yii2\console\controllers\BaseMigrateController.php(155): yii\console\controllers\BaseMigrateController->getNewMigrations()
#13 [internal function]: yii\console\controllers\BaseMigrateController->actionUp(0)
#14 D:\phpStudy\WWW\Yii\vendor\yiisoft\yii2\base\InlineAction.php(57): call_user_func_array(Array, Array)
#15 D:\phpStudy\WWW\Yii\vendor\yiisoft\yii2\base\Controller.php(156): yii\base\InlineAction->runWithParams(Array)
#16 D:\phpStudy\WWW\Yii\vendor\yiisoft\yii2\console\Controller.php(128): yii\base\Controller->runAction('', Array)
#17 D:\phpStudy\WWW\Yii\vendor\yiisoft\yii2\base\Module.php(523): yii\console\Controller->runAction('', Array)
#18 D:\phpStudy\WWW\Yii\vendor\yiisoft\yii2\console\Application.php(180): yii\base\Module->runAction('migrate', Array)
#19 D:\phpStudy\WWW\Yii\vendor\yiisoft\yii2\console\Application.php(147): yii\console\Application->runAction('migrate', Array)
#20 D:\phpStudy\WWW\Yii\vendor\yiisoft\yii2\base\Application.php(380): yii\console\Application->handleRequest(Object(yii\console\Request))
#21 D:\phpStudy\WWW\Yii\yii(27): yii\base\Application->run()
#22 {main}

Next exception 'yii\db\Exception' with message 'SQLSTATE[HY000] [1049] Unknown database 'htm2017qiaoshuai_new_vertion'' in D:\phpStudy\WWW\Yii\vendor\yiisoft\yii2\db\Connection.php:584
Stack trace:
#0 D:\phpStudy\WWW\Yii\vendor\yiisoft\yii2\db\Connection.php(928): yii\db\Connection->open()
#1 D:\phpStudy\WWW\Yii\vendor\yiisoft\yii2\db\Connection.php(915): yii\db\Connection->getMasterPdo()
#2 D:\phpStudy\WWW\Yii\vendor\yiisoft\yii2\db\Command.php(219): yii\db\Connection->getSlavePdo()
#3 D:\phpStudy\WWW\Yii\vendor\yiisoft\yii2\db\Command.php(910): yii\db\Command->prepare(true)
#4 D:\phpStudy\WWW\Yii\vendor\yiisoft\yii2\db\Command.php(362): yii\db\Command->queryInternal('fetchAll', NULL)
#5 D:\phpStudy\WWW\Yii\vendor\yiisoft\yii2\db\mysql\Schema.php(199): yii\db\Command->queryAll()
#6 D:\phpStudy\WWW\Yii\vendor\yiisoft\yii2\db\mysql\Schema.php(98): yii\db\mysql\Schema->findColumns(Object(yii\db\TableSchema))
#7 D:\phpStudy\WWW\Yii\vendor\yiisoft\yii2\db\Schema.php(152): yii\db\mysql\Schema->loadTableSchema('migration')
#8 D:\phpStudy\WWW\Yii\vendor\yiisoft\yii2\console\controllers\MigrateController.php(194): yii\db\Schema->getTableSchema('{{%migration}}', true)
#9 D:\phpStudy\WWW\Yii\vendor\yiisoft\yii2\console\controllers\BaseMigrateController.php(814): yii\console\controllers\MigrateController->getMigrationHistory(NULL)
#10 D:\phpStudy\WWW\Yii\vendor\yiisoft\yii2\console\controllers\BaseMigrateController.php(155): yii\console\controllers\BaseMigrateController->getNewMigrations()
#11 [internal function]: yii\console\controllers\BaseMigrateController->actionUp(0)
#12 D:\phpStudy\WWW\Yii\vendor\yiisoft\yii2\base\InlineAction.php(57): call_user_func_array(Array, Array)
#13 D:\phpStudy\WWW\Yii\vendor\yiisoft\yii2\base\Controller.php(156): yii\base\InlineAction->runWithParams(Array)
#14 D:\phpStudy\WWW\Yii\vendor\yiisoft\yii2\console\Controller.php(128): yii\base\Controller->runAction('', Array)
#15 D:\phpStudy\WWW\Yii\vendor\yiisoft\yii2\base\Module.php(523): yii\console\Controller->runAction('', Array)
#16 D:\phpStudy\WWW\Yii\vendor\yiisoft\yii2\console\Application.php(180): yii\base\Module->runAction('migrate', Array)
#17 D:\phpStudy\WWW\Yii\vendor\yiisoft\yii2\console\Application.php(147): yii\console\Application->runAction('migrate', Array)
#18 D:\phpStudy\WWW\Yii\vendor\yiisoft\yii2\base\Application.php(380): yii\console\Application->handleRequest(Object(yii\console\Request))
#19 D:\phpStudy\WWW\Yii\yii(27): yii\base\Application->run()
#20 {main}
Additional Information:

2017-08-21 07:43:14 [-][-][-][info][application] $_SERVER = [
    'ALLUSERSPROFILE' => 'C:\\ProgramData'
    'APPDATA' => 'C:\\Users\\adminisiator\\AppData\\Roaming'
    'asl_log' => 'Destination=file'
    'CommonProgramFiles' => 'C:\\Program Files (x86)\\Common Files'
    'CommonProgramFiles(x86)' => 'C:\\Program Files (x86)\\Common Files'
    'CommonProgramW6432' => 'C:\\Program Files\\Common Files'
    'COMPUTERNAME' => 'DESKTOP-TTKS2BJ'
    'ComSpec' => 'C:\\WINDOWS\\system32\\cmd.exe'
    'HOMEDRIVE' => 'C:'
    'HOMEPATH' => '\\Users\\adminisiator'
    'LOCALAPPDATA' => 'C:\\Users\\adminisiator\\AppData\\Local'
    'LOGONSERVER' => '\\\\DESKTOP-TTKS2BJ'
    'NUMBER_OF_PROCESSORS' => '4'
    'OneDrive' => 'C:\\Users\\adminisiator\\OneDrive'
    'OS' => 'Windows_NT'
    'Path' => 'D:\\python\\Scripts\\;D:\\python\\;C:\\WINDOWS\\system32;C:\\WINDOWS;C:\\WINDOWS\\System32\\Wbem;C:\\WINDOWS\\System32\\WindowsPowerShell\\v1.0\\;C:\\Program Files\\Git\\cmd;C:\\Program Files\\TortoiseGit\\bin;D:\\qampp\\Data_lib\\perl\\bin;D:\\qampp\\apache\\bin;D:\\qampp\\svnserver\\Subversion\\bin;D:\\qampp\\mysql\\bin;D:\\phpStudy\\php\\php-5.5.38;C:\\composer;C:\\Users\\adminisiator\\AppData\\Local\\Microsoft\\WindowsApps;C:\\Users\\adminisiator\\AppData\\Roaming\\Composer\\vendor\\bin'
    'PATHEXT' => '.COM;.EXE;.BAT;.CMD;.VBS;.VBE;.JS;.JSE;.WSF;.WSH;.MSC;.PY;.PYW'
    'PHP_COMMAND' => 'php.exe'
    'PROCESSOR_ARCHITECTURE' => 'x86'
    'PROCESSOR_ARCHITEW6432' => 'AMD64'
    'PROCESSOR_IDENTIFIER' => 'Intel64 Family 6 Model 94 Stepping 3, GenuineIntel'
    'PROCESSOR_LEVEL' => '6'
    'PROCESSOR_REVISION' => '5e03'
    'ProgramData' => 'C:\\ProgramData'
    'ProgramFiles' => 'C:\\Program Files (x86)'
    'ProgramFiles(x86)' => 'C:\\Program Files (x86)'
    'ProgramW6432' => 'C:\\Program Files'
    'PROMPT' => '$P$G'
    'PSModulePath' => 'C:\\Program Files\\WindowsPowerShell\\Modules;C:\\WINDOWS\\system32\\WindowsPowerShell\\v1.0\\Modules'
    'PUBLIC' => 'C:\\Users\\Public'
    'SESSIONNAME' => 'Console'
    'SystemDrive' => 'C:'
    'SystemRoot' => 'C:\\WINDOWS'
    'TEMP' => 'C:\\Users\\ADMINI~1\\AppData\\Local\\Temp'
    'TMP' => 'C:\\Users\\ADMINI~1\\AppData\\Local\\Temp'
    'USERDOMAIN' => 'DESKTOP-TTKS2BJ'
    'USERDOMAIN_ROAMINGPROFILE' => 'DESKTOP-TTKS2BJ'
    'USERNAME' => 'adminisiator'
    'USERPROFILE' => 'C:\\Users\\adminisiator'
    'windir' => 'C:\\WINDOWS'
    'YII_PATH' => 'D:\\phpStudy\\WWW\\Yii\\'
    'PHP_SELF' => 'D:\\phpStudy\\WWW\\Yii\\yii'
    'SCRIPT_NAME' => 'D:\\phpStudy\\WWW\\Yii\\yii'
    'SCRIPT_FILENAME' => 'D:\\phpStudy\\WWW\\Yii\\yii'
    'PATH_TRANSLATED' => 'D:\\phpStudy\\WWW\\Yii\\yii'
    'DOCUMENT_ROOT' => ''
    'REQUEST_TIME_FLOAT' => 1503301394.0649
    'REQUEST_TIME' => 1503301394
    'argv' => [
        0 => 'D:\\phpStudy\\WWW\\Yii\\yii'
        1 => 'migrate'
    ]
    'argc' => 2
]
2017-08-21 07:46:36 [-][-][-][error][yii\db\Exception] exception 'PDOException' with message 'SQLSTATE[HY000] [1049] Unknown database 'htm2017qiaoshuai_new_vertion'' in D:\phpStudy\WWW\Yii\vendor\yiisoft\yii2\db\Connection.php:646
Stack trace:
#0 D:\phpStudy\WWW\Yii\vendor\yiisoft\yii2\db\Connection.php(646): PDO->__construct('mysql:host=loca...', 'root', '', NULL)
#1 D:\phpStudy\WWW\Yii\vendor\yiisoft\yii2\db\Connection.php(579): yii\db\Connection->createPdoInstance()
#2 D:\phpStudy\WWW\Yii\vendor\yiisoft\yii2\db\Connection.php(928): yii\db\Connection->open()
#3 D:\phpStudy\WWW\Yii\vendor\yiisoft\yii2\db\Connection.php(915): yii\db\Connection->getMasterPdo()
#4 D:\phpStudy\WWW\Yii\vendor\yiisoft\yii2\db\Command.php(219): yii\db\Connection->getSlavePdo()
#5 D:\phpStudy\WWW\Yii\vendor\yiisoft\yii2\db\Command.php(910): yii\db\Command->prepare(true)
#6 D:\phpStudy\WWW\Yii\vendor\yiisoft\yii2\db\Command.php(362): yii\db\Command->queryInternal('fetchAll', NULL)
#7 D:\phpStudy\WWW\Yii\vendor\yiisoft\yii2\db\mysql\Schema.php(199): yii\db\Command->queryAll()
#8 D:\phpStudy\WWW\Yii\vendor\yiisoft\yii2\db\mysql\Schema.php(98): yii\db\mysql\Schema->findColumns(Object(yii\db\TableSchema))
#9 D:\phpStudy\WWW\Yii\vendor\yiisoft\yii2\db\Schema.php(152): yii\db\mysql\Schema->loadTableSchema('migration')
#10 D:\phpStudy\WWW\Yii\vendor\yiisoft\yii2\console\controllers\MigrateController.php(194): yii\db\Schema->getTableSchema('{{%migration}}', true)
#11 D:\phpStudy\WWW\Yii\vendor\yiisoft\yii2\console\controllers\BaseMigrateController.php(814): yii\console\controllers\MigrateController->getMigrationHistory(NULL)
#12 D:\phpStudy\WWW\Yii\vendor\yiisoft\yii2\console\controllers\BaseMigrateController.php(155): yii\console\controllers\BaseMigrateController->getNewMigrations()
#13 [internal function]: yii\console\controllers\BaseMigrateController->actionUp(0)
#14 D:\phpStudy\WWW\Yii\vendor\yiisoft\yii2\base\InlineAction.php(57): call_user_func_array(Array, Array)
#15 D:\phpStudy\WWW\Yii\vendor\yiisoft\yii2\base\Controller.php(156): yii\base\InlineAction->runWithParams(Array)
#16 D:\phpStudy\WWW\Yii\vendor\yiisoft\yii2\console\Controller.php(128): yii\base\Controller->runAction('', Array)
#17 D:\phpStudy\WWW\Yii\vendor\yiisoft\yii2\base\Module.php(523): yii\console\Controller->runAction('', Array)
#18 D:\phpStudy\WWW\Yii\vendor\yiisoft\yii2\console\Application.php(180): yii\base\Module->runAction('migrate', Array)
#19 D:\phpStudy\WWW\Yii\vendor\yiisoft\yii2\console\Application.php(147): yii\console\Application->runAction('migrate', Array)
#20 D:\phpStudy\WWW\Yii\vendor\yiisoft\yii2\base\Application.php(380): yii\console\Application->handleRequest(Object(yii\console\Request))
#21 D:\phpStudy\WWW\Yii\yii(27): yii\base\Application->run()
#22 {main}

Next exception 'yii\db\Exception' with message 'SQLSTATE[HY000] [1049] Unknown database 'htm2017qiaoshuai_new_vertion'' in D:\phpStudy\WWW\Yii\vendor\yiisoft\yii2\db\Connection.php:584
Stack trace:
#0 D:\phpStudy\WWW\Yii\vendor\yiisoft\yii2\db\Connection.php(928): yii\db\Connection->open()
#1 D:\phpStudy\WWW\Yii\vendor\yiisoft\yii2\db\Connection.php(915): yii\db\Connection->getMasterPdo()
#2 D:\phpStudy\WWW\Yii\vendor\yiisoft\yii2\db\Command.php(219): yii\db\Connection->getSlavePdo()
#3 D:\phpStudy\WWW\Yii\vendor\yiisoft\yii2\db\Command.php(910): yii\db\Command->prepare(true)
#4 D:\phpStudy\WWW\Yii\vendor\yiisoft\yii2\db\Command.php(362): yii\db\Command->queryInternal('fetchAll', NULL)
#5 D:\phpStudy\WWW\Yii\vendor\yiisoft\yii2\db\mysql\Schema.php(199): yii\db\Command->queryAll()
#6 D:\phpStudy\WWW\Yii\vendor\yiisoft\yii2\db\mysql\Schema.php(98): yii\db\mysql\Schema->findColumns(Object(yii\db\TableSchema))
#7 D:\phpStudy\WWW\Yii\vendor\yiisoft\yii2\db\Schema.php(152): yii\db\mysql\Schema->loadTableSchema('migration')
#8 D:\phpStudy\WWW\Yii\vendor\yiisoft\yii2\console\controllers\MigrateController.php(194): yii\db\Schema->getTableSchema('{{%migration}}', true)
#9 D:\phpStudy\WWW\Yii\vendor\yiisoft\yii2\console\controllers\BaseMigrateController.php(814): yii\console\controllers\MigrateController->getMigrationHistory(NULL)
#10 D:\phpStudy\WWW\Yii\vendor\yiisoft\yii2\console\controllers\BaseMigrateController.php(155): yii\console\controllers\BaseMigrateController->getNewMigrations()
#11 [internal function]: yii\console\controllers\BaseMigrateController->actionUp(0)
#12 D:\phpStudy\WWW\Yii\vendor\yiisoft\yii2\base\InlineAction.php(57): call_user_func_array(Array, Array)
#13 D:\phpStudy\WWW\Yii\vendor\yiisoft\yii2\base\Controller.php(156): yii\base\InlineAction->runWithParams(Array)
#14 D:\phpStudy\WWW\Yii\vendor\yiisoft\yii2\console\Controller.php(128): yii\base\Controller->runAction('', Array)
#15 D:\phpStudy\WWW\Yii\vendor\yiisoft\yii2\base\Module.php(523): yii\console\Controller->runAction('', Array)
#16 D:\phpStudy\WWW\Yii\vendor\yiisoft\yii2\console\Application.php(180): yii\base\Module->runAction('migrate', Array)
#17 D:\phpStudy\WWW\Yii\vendor\yiisoft\yii2\console\Application.php(147): yii\console\Application->runAction('migrate', Array)
#18 D:\phpStudy\WWW\Yii\vendor\yiisoft\yii2\base\Application.php(380): yii\console\Application->handleRequest(Object(yii\console\Request))
#19 D:\phpStudy\WWW\Yii\yii(27): yii\base\Application->run()
#20 {main}
Additional Information:

2017-08-21 07:46:35 [-][-][-][info][application] $_SERVER = [
    'ALLUSERSPROFILE' => 'C:\\ProgramData'
    'APPDATA' => 'C:\\Users\\adminisiator\\AppData\\Roaming'
    'asl_log' => 'Destination=file'
    'CommonProgramFiles' => 'C:\\Program Files (x86)\\Common Files'
    'CommonProgramFiles(x86)' => 'C:\\Program Files (x86)\\Common Files'
    'CommonProgramW6432' => 'C:\\Program Files\\Common Files'
    'COMPUTERNAME' => 'DESKTOP-TTKS2BJ'
    'ComSpec' => 'C:\\WINDOWS\\system32\\cmd.exe'
    'HOMEDRIVE' => 'C:'
    'HOMEPATH' => '\\Users\\adminisiator'
    'LOCALAPPDATA' => 'C:\\Users\\adminisiator\\AppData\\Local'
    'LOGONSERVER' => '\\\\DESKTOP-TTKS2BJ'
    'NUMBER_OF_PROCESSORS' => '4'
    'OneDrive' => 'C:\\Users\\adminisiator\\OneDrive'
    'OS' => 'Windows_NT'
    'Path' => 'D:\\python\\Scripts\\;D:\\python\\;C:\\WINDOWS\\system32;C:\\WINDOWS;C:\\WINDOWS\\System32\\Wbem;C:\\WINDOWS\\System32\\WindowsPowerShell\\v1.0\\;C:\\Program Files\\Git\\cmd;C:\\Program Files\\TortoiseGit\\bin;D:\\qampp\\Data_lib\\perl\\bin;D:\\qampp\\apache\\bin;D:\\qampp\\svnserver\\Subversion\\bin;D:\\qampp\\mysql\\bin;D:\\phpStudy\\php\\php-5.5.38;C:\\composer;C:\\Users\\adminisiator\\AppData\\Local\\Microsoft\\WindowsApps;C:\\Users\\adminisiator\\AppData\\Roaming\\Composer\\vendor\\bin'
    'PATHEXT' => '.COM;.EXE;.BAT;.CMD;.VBS;.VBE;.JS;.JSE;.WSF;.WSH;.MSC;.PY;.PYW'
    'PHP_COMMAND' => 'php.exe'
    'PROCESSOR_ARCHITECTURE' => 'x86'
    'PROCESSOR_ARCHITEW6432' => 'AMD64'
    'PROCESSOR_IDENTIFIER' => 'Intel64 Family 6 Model 94 Stepping 3, GenuineIntel'
    'PROCESSOR_LEVEL' => '6'
    'PROCESSOR_REVISION' => '5e03'
    'ProgramData' => 'C:\\ProgramData'
    'ProgramFiles' => 'C:\\Program Files (x86)'
    'ProgramFiles(x86)' => 'C:\\Program Files (x86)'
    'ProgramW6432' => 'C:\\Program Files'
    'PROMPT' => '$P$G'
    'PSModulePath' => 'C:\\Program Files\\WindowsPowerShell\\Modules;C:\\WINDOWS\\system32\\WindowsPowerShell\\v1.0\\Modules'
    'PUBLIC' => 'C:\\Users\\Public'
    'SESSIONNAME' => 'Console'
    'SystemDrive' => 'C:'
    'SystemRoot' => 'C:\\WINDOWS'
    'TEMP' => 'C:\\Users\\ADMINI~1\\AppData\\Local\\Temp'
    'TMP' => 'C:\\Users\\ADMINI~1\\AppData\\Local\\Temp'
    'USERDOMAIN' => 'DESKTOP-TTKS2BJ'
    'USERDOMAIN_ROAMINGPROFILE' => 'DESKTOP-TTKS2BJ'
    'USERNAME' => 'adminisiator'
    'USERPROFILE' => 'C:\\Users\\adminisiator'
    'windir' => 'C:\\WINDOWS'
    'YII_PATH' => 'D:\\phpStudy\\WWW\\Yii\\'
    'PHP_SELF' => 'D:\\phpStudy\\WWW\\Yii\\yii'
    'SCRIPT_NAME' => 'D:\\phpStudy\\WWW\\Yii\\yii'
    'SCRIPT_FILENAME' => 'D:\\phpStudy\\WWW\\Yii\\yii'
    'PATH_TRANSLATED' => 'D:\\phpStudy\\WWW\\Yii\\yii'
    'DOCUMENT_ROOT' => ''
    'REQUEST_TIME_FLOAT' => 1503301595.5374
    'REQUEST_TIME' => 1503301595
    'argv' => [
        0 => 'D:\\phpStudy\\WWW\\Yii\\yii'
        1 => 'migrate'
    ]
    'argc' => 2
]
2017-08-21 07:47:07 [-][-][-][error][yii\db\Exception] exception 'PDOException' with message 'SQLSTATE[HY000] [1049] Unknown database 'htm2017qiaoshuai_new_vertion'' in D:\phpStudy\WWW\Yii\vendor\yiisoft\yii2\db\Connection.php:646
Stack trace:
#0 D:\phpStudy\WWW\Yii\vendor\yiisoft\yii2\db\Connection.php(646): PDO->__construct('mysql:host=loca...', 'root', '', NULL)
#1 D:\phpStudy\WWW\Yii\vendor\yiisoft\yii2\db\Connection.php(579): yii\db\Connection->createPdoInstance()
#2 D:\phpStudy\WWW\Yii\vendor\yiisoft\yii2\db\Connection.php(928): yii\db\Connection->open()
#3 D:\phpStudy\WWW\Yii\vendor\yiisoft\yii2\db\Connection.php(915): yii\db\Connection->getMasterPdo()
#4 D:\phpStudy\WWW\Yii\vendor\yiisoft\yii2\db\Command.php(219): yii\db\Connection->getSlavePdo()
#5 D:\phpStudy\WWW\Yii\vendor\yiisoft\yii2\db\Command.php(910): yii\db\Command->prepare(true)
#6 D:\phpStudy\WWW\Yii\vendor\yiisoft\yii2\db\Command.php(362): yii\db\Command->queryInternal('fetchAll', NULL)
#7 D:\phpStudy\WWW\Yii\vendor\yiisoft\yii2\db\mysql\Schema.php(199): yii\db\Command->queryAll()
#8 D:\phpStudy\WWW\Yii\vendor\yiisoft\yii2\db\mysql\Schema.php(98): yii\db\mysql\Schema->findColumns(Object(yii\db\TableSchema))
#9 D:\phpStudy\WWW\Yii\vendor\yiisoft\yii2\db\Schema.php(152): yii\db\mysql\Schema->loadTableSchema('migration')
#10 D:\phpStudy\WWW\Yii\vendor\yiisoft\yii2\console\controllers\MigrateController.php(194): yii\db\Schema->getTableSchema('{{%migration}}', true)
#11 D:\phpStudy\WWW\Yii\vendor\yiisoft\yii2\console\controllers\BaseMigrateController.php(814): yii\console\controllers\MigrateController->getMigrationHistory(NULL)
#12 D:\phpStudy\WWW\Yii\vendor\yiisoft\yii2\console\controllers\BaseMigrateController.php(155): yii\console\controllers\BaseMigrateController->getNewMigrations()
#13 [internal function]: yii\console\controllers\BaseMigrateController->actionUp(0)
#14 D:\phpStudy\WWW\Yii\vendor\yiisoft\yii2\base\InlineAction.php(57): call_user_func_array(Array, Array)
#15 D:\phpStudy\WWW\Yii\vendor\yiisoft\yii2\base\Controller.php(156): yii\base\InlineAction->runWithParams(Array)
#16 D:\phpStudy\WWW\Yii\vendor\yiisoft\yii2\console\Controller.php(128): yii\base\Controller->runAction('', Array)
#17 D:\phpStudy\WWW\Yii\vendor\yiisoft\yii2\base\Module.php(523): yii\console\Controller->runAction('', Array)
#18 D:\phpStudy\WWW\Yii\vendor\yiisoft\yii2\console\Application.php(180): yii\base\Module->runAction('migrate', Array)
#19 D:\phpStudy\WWW\Yii\vendor\yiisoft\yii2\console\Application.php(147): yii\console\Application->runAction('migrate', Array)
#20 D:\phpStudy\WWW\Yii\vendor\yiisoft\yii2\base\Application.php(380): yii\console\Application->handleRequest(Object(yii\console\Request))
#21 D:\phpStudy\WWW\Yii\yii(27): yii\base\Application->run()
#22 {main}

Next exception 'yii\db\Exception' with message 'SQLSTATE[HY000] [1049] Unknown database 'htm2017qiaoshuai_new_vertion'' in D:\phpStudy\WWW\Yii\vendor\yiisoft\yii2\db\Connection.php:584
Stack trace:
#0 D:\phpStudy\WWW\Yii\vendor\yiisoft\yii2\db\Connection.php(928): yii\db\Connection->open()
#1 D:\phpStudy\WWW\Yii\vendor\yiisoft\yii2\db\Connection.php(915): yii\db\Connection->getMasterPdo()
#2 D:\phpStudy\WWW\Yii\vendor\yiisoft\yii2\db\Command.php(219): yii\db\Connection->getSlavePdo()
#3 D:\phpStudy\WWW\Yii\vendor\yiisoft\yii2\db\Command.php(910): yii\db\Command->prepare(true)
#4 D:\phpStudy\WWW\Yii\vendor\yiisoft\yii2\db\Command.php(362): yii\db\Command->queryInternal('fetchAll', NULL)
#5 D:\phpStudy\WWW\Yii\vendor\yiisoft\yii2\db\mysql\Schema.php(199): yii\db\Command->queryAll()
#6 D:\phpStudy\WWW\Yii\vendor\yiisoft\yii2\db\mysql\Schema.php(98): yii\db\mysql\Schema->findColumns(Object(yii\db\TableSchema))
#7 D:\phpStudy\WWW\Yii\vendor\yiisoft\yii2\db\Schema.php(152): yii\db\mysql\Schema->loadTableSchema('migration')
#8 D:\phpStudy\WWW\Yii\vendor\yiisoft\yii2\console\controllers\MigrateController.php(194): yii\db\Schema->getTableSchema('{{%migration}}', true)
#9 D:\phpStudy\WWW\Yii\vendor\yiisoft\yii2\console\controllers\BaseMigrateController.php(814): yii\console\controllers\MigrateController->getMigrationHistory(NULL)
#10 D:\phpStudy\WWW\Yii\vendor\yiisoft\yii2\console\controllers\BaseMigrateController.php(155): yii\console\controllers\BaseMigrateController->getNewMigrations()
#11 [internal function]: yii\console\controllers\BaseMigrateController->actionUp(0)
#12 D:\phpStudy\WWW\Yii\vendor\yiisoft\yii2\base\InlineAction.php(57): call_user_func_array(Array, Array)
#13 D:\phpStudy\WWW\Yii\vendor\yiisoft\yii2\base\Controller.php(156): yii\base\InlineAction->runWithParams(Array)
#14 D:\phpStudy\WWW\Yii\vendor\yiisoft\yii2\console\Controller.php(128): yii\base\Controller->runAction('', Array)
#15 D:\phpStudy\WWW\Yii\vendor\yiisoft\yii2\base\Module.php(523): yii\console\Controller->runAction('', Array)
#16 D:\phpStudy\WWW\Yii\vendor\yiisoft\yii2\console\Application.php(180): yii\base\Module->runAction('migrate', Array)
#17 D:\phpStudy\WWW\Yii\vendor\yiisoft\yii2\console\Application.php(147): yii\console\Application->runAction('migrate', Array)
#18 D:\phpStudy\WWW\Yii\vendor\yiisoft\yii2\base\Application.php(380): yii\console\Application->handleRequest(Object(yii\console\Request))
#19 D:\phpStudy\WWW\Yii\yii(27): yii\base\Application->run()
#20 {main}
Additional Information:

2017-08-21 07:47:06 [-][-][-][info][application] $_SERVER = [
    'ALLUSERSPROFILE' => 'C:\\ProgramData'
    'APPDATA' => 'C:\\Users\\adminisiator\\AppData\\Roaming'
    'asl_log' => 'Destination=file'
    'CommonProgramFiles' => 'C:\\Program Files (x86)\\Common Files'
    'CommonProgramFiles(x86)' => 'C:\\Program Files (x86)\\Common Files'
    'CommonProgramW6432' => 'C:\\Program Files\\Common Files'
    'COMPUTERNAME' => 'DESKTOP-TTKS2BJ'
    'ComSpec' => 'C:\\WINDOWS\\system32\\cmd.exe'
    'HOMEDRIVE' => 'C:'
    'HOMEPATH' => '\\Users\\adminisiator'
    'LOCALAPPDATA' => 'C:\\Users\\adminisiator\\AppData\\Local'
    'LOGONSERVER' => '\\\\DESKTOP-TTKS2BJ'
    'NUMBER_OF_PROCESSORS' => '4'
    'OneDrive' => 'C:\\Users\\adminisiator\\OneDrive'
    'OS' => 'Windows_NT'
    'Path' => 'D:\\python\\Scripts\\;D:\\python\\;C:\\WINDOWS\\system32;C:\\WINDOWS;C:\\WINDOWS\\System32\\Wbem;C:\\WINDOWS\\System32\\WindowsPowerShell\\v1.0\\;C:\\Program Files\\Git\\cmd;C:\\Program Files\\TortoiseGit\\bin;D:\\qampp\\Data_lib\\perl\\bin;D:\\qampp\\apache\\bin;D:\\qampp\\svnserver\\Subversion\\bin;D:\\qampp\\mysql\\bin;D:\\phpStudy\\php\\php-5.5.38;C:\\composer;C:\\Users\\adminisiator\\AppData\\Local\\Microsoft\\WindowsApps;C:\\Users\\adminisiator\\AppData\\Roaming\\Composer\\vendor\\bin'
    'PATHEXT' => '.COM;.EXE;.BAT;.CMD;.VBS;.VBE;.JS;.JSE;.WSF;.WSH;.MSC;.PY;.PYW'
    'PHP_COMMAND' => 'php.exe'
    'PROCESSOR_ARCHITECTURE' => 'x86'
    'PROCESSOR_ARCHITEW6432' => 'AMD64'
    'PROCESSOR_IDENTIFIER' => 'Intel64 Family 6 Model 94 Stepping 3, GenuineIntel'
    'PROCESSOR_LEVEL' => '6'
    'PROCESSOR_REVISION' => '5e03'
    'ProgramData' => 'C:\\ProgramData'
    'ProgramFiles' => 'C:\\Program Files (x86)'
    'ProgramFiles(x86)' => 'C:\\Program Files (x86)'
    'ProgramW6432' => 'C:\\Program Files'
    'PROMPT' => '$P$G'
    'PSModulePath' => 'C:\\Program Files\\WindowsPowerShell\\Modules;C:\\WINDOWS\\system32\\WindowsPowerShell\\v1.0\\Modules'
    'PUBLIC' => 'C:\\Users\\Public'
    'SESSIONNAME' => 'Console'
    'SystemDrive' => 'C:'
    'SystemRoot' => 'C:\\WINDOWS'
    'TEMP' => 'C:\\Users\\ADMINI~1\\AppData\\Local\\Temp'
    'TMP' => 'C:\\Users\\ADMINI~1\\AppData\\Local\\Temp'
    'USERDOMAIN' => 'DESKTOP-TTKS2BJ'
    'USERDOMAIN_ROAMINGPROFILE' => 'DESKTOP-TTKS2BJ'
    'USERNAME' => 'adminisiator'
    'USERPROFILE' => 'C:\\Users\\adminisiator'
    'windir' => 'C:\\WINDOWS'
    'YII_PATH' => 'D:\\phpStudy\\WWW\\Yii\\'
    'PHP_SELF' => 'D:\\phpStudy\\WWW\\Yii\\yii'
    'SCRIPT_NAME' => 'D:\\phpStudy\\WWW\\Yii\\yii'
    'SCRIPT_FILENAME' => 'D:\\phpStudy\\WWW\\Yii\\yii'
    'PATH_TRANSLATED' => 'D:\\phpStudy\\WWW\\Yii\\yii'
    'DOCUMENT_ROOT' => ''
    'REQUEST_TIME_FLOAT' => 1503301626.1834
    'REQUEST_TIME' => 1503301626
    'argv' => [
        0 => 'D:\\phpStudy\\WWW\\Yii\\yii'
        1 => 'migrate'
    ]
    'argc' => 2
]
2017-08-21 07:47:10 [-][-][-][error][yii\db\Exception] exception 'PDOException' with message 'SQLSTATE[HY000] [1049] Unknown database 'htm2017qiaoshuai_new_vertion'' in D:\phpStudy\WWW\Yii\vendor\yiisoft\yii2\db\Connection.php:646
Stack trace:
#0 D:\phpStudy\WWW\Yii\vendor\yiisoft\yii2\db\Connection.php(646): PDO->__construct('mysql:host=loca...', 'root', '', NULL)
#1 D:\phpStudy\WWW\Yii\vendor\yiisoft\yii2\db\Connection.php(579): yii\db\Connection->createPdoInstance()
#2 D:\phpStudy\WWW\Yii\vendor\yiisoft\yii2\db\Connection.php(928): yii\db\Connection->open()
#3 D:\phpStudy\WWW\Yii\vendor\yiisoft\yii2\db\Connection.php(915): yii\db\Connection->getMasterPdo()
#4 D:\phpStudy\WWW\Yii\vendor\yiisoft\yii2\db\Command.php(219): yii\db\Connection->getSlavePdo()
#5 D:\phpStudy\WWW\Yii\vendor\yiisoft\yii2\db\Command.php(910): yii\db\Command->prepare(true)
#6 D:\phpStudy\WWW\Yii\vendor\yiisoft\yii2\db\Command.php(362): yii\db\Command->queryInternal('fetchAll', NULL)
#7 D:\phpStudy\WWW\Yii\vendor\yiisoft\yii2\db\mysql\Schema.php(199): yii\db\Command->queryAll()
#8 D:\phpStudy\WWW\Yii\vendor\yiisoft\yii2\db\mysql\Schema.php(98): yii\db\mysql\Schema->findColumns(Object(yii\db\TableSchema))
#9 D:\phpStudy\WWW\Yii\vendor\yiisoft\yii2\db\Schema.php(152): yii\db\mysql\Schema->loadTableSchema('migration')
#10 D:\phpStudy\WWW\Yii\vendor\yiisoft\yii2\console\controllers\MigrateController.php(194): yii\db\Schema->getTableSchema('{{%migration}}', true)
#11 D:\phpStudy\WWW\Yii\vendor\yiisoft\yii2\console\controllers\BaseMigrateController.php(814): yii\console\controllers\MigrateController->getMigrationHistory(NULL)
#12 D:\phpStudy\WWW\Yii\vendor\yiisoft\yii2\console\controllers\BaseMigrateController.php(155): yii\console\controllers\BaseMigrateController->getNewMigrations()
#13 [internal function]: yii\console\controllers\BaseMigrateController->actionUp(0)
#14 D:\phpStudy\WWW\Yii\vendor\yiisoft\yii2\base\InlineAction.php(57): call_user_func_array(Array, Array)
#15 D:\phpStudy\WWW\Yii\vendor\yiisoft\yii2\base\Controller.php(156): yii\base\InlineAction->runWithParams(Array)
#16 D:\phpStudy\WWW\Yii\vendor\yiisoft\yii2\console\Controller.php(128): yii\base\Controller->runAction('', Array)
#17 D:\phpStudy\WWW\Yii\vendor\yiisoft\yii2\base\Module.php(523): yii\console\Controller->runAction('', Array)
#18 D:\phpStudy\WWW\Yii\vendor\yiisoft\yii2\console\Application.php(180): yii\base\Module->runAction('migrate', Array)
#19 D:\phpStudy\WWW\Yii\vendor\yiisoft\yii2\console\Application.php(147): yii\console\Application->runAction('migrate', Array)
#20 D:\phpStudy\WWW\Yii\vendor\yiisoft\yii2\base\Application.php(380): yii\console\Application->handleRequest(Object(yii\console\Request))
#21 D:\phpStudy\WWW\Yii\yii(27): yii\base\Application->run()
#22 {main}

Next exception 'yii\db\Exception' with message 'SQLSTATE[HY000] [1049] Unknown database 'htm2017qiaoshuai_new_vertion'' in D:\phpStudy\WWW\Yii\vendor\yiisoft\yii2\db\Connection.php:584
Stack trace:
#0 D:\phpStudy\WWW\Yii\vendor\yiisoft\yii2\db\Connection.php(928): yii\db\Connection->open()
#1 D:\phpStudy\WWW\Yii\vendor\yiisoft\yii2\db\Connection.php(915): yii\db\Connection->getMasterPdo()
#2 D:\phpStudy\WWW\Yii\vendor\yiisoft\yii2\db\Command.php(219): yii\db\Connection->getSlavePdo()
#3 D:\phpStudy\WWW\Yii\vendor\yiisoft\yii2\db\Command.php(910): yii\db\Command->prepare(true)
#4 D:\phpStudy\WWW\Yii\vendor\yiisoft\yii2\db\Command.php(362): yii\db\Command->queryInternal('fetchAll', NULL)
#5 D:\phpStudy\WWW\Yii\vendor\yiisoft\yii2\db\mysql\Schema.php(199): yii\db\Command->queryAll()
#6 D:\phpStudy\WWW\Yii\vendor\yiisoft\yii2\db\mysql\Schema.php(98): yii\db\mysql\Schema->findColumns(Object(yii\db\TableSchema))
#7 D:\phpStudy\WWW\Yii\vendor\yiisoft\yii2\db\Schema.php(152): yii\db\mysql\Schema->loadTableSchema('migration')
#8 D:\phpStudy\WWW\Yii\vendor\yiisoft\yii2\console\controllers\MigrateController.php(194): yii\db\Schema->getTableSchema('{{%migration}}', true)
#9 D:\phpStudy\WWW\Yii\vendor\yiisoft\yii2\console\controllers\BaseMigrateController.php(814): yii\console\controllers\MigrateController->getMigrationHistory(NULL)
#10 D:\phpStudy\WWW\Yii\vendor\yiisoft\yii2\console\controllers\BaseMigrateController.php(155): yii\console\controllers\BaseMigrateController->getNewMigrations()
#11 [internal function]: yii\console\controllers\BaseMigrateController->actionUp(0)
#12 D:\phpStudy\WWW\Yii\vendor\yiisoft\yii2\base\InlineAction.php(57): call_user_func_array(Array, Array)
#13 D:\phpStudy\WWW\Yii\vendor\yiisoft\yii2\base\Controller.php(156): yii\base\InlineAction->runWithParams(Array)
#14 D:\phpStudy\WWW\Yii\vendor\yiisoft\yii2\console\Controller.php(128): yii\base\Controller->runAction('', Array)
#15 D:\phpStudy\WWW\Yii\vendor\yiisoft\yii2\base\Module.php(523): yii\console\Controller->runAction('', Array)
#16 D:\phpStudy\WWW\Yii\vendor\yiisoft\yii2\console\Application.php(180): yii\base\Module->runAction('migrate', Array)
#17 D:\phpStudy\WWW\Yii\vendor\yiisoft\yii2\console\Application.php(147): yii\console\Application->runAction('migrate', Array)
#18 D:\phpStudy\WWW\Yii\vendor\yiisoft\yii2\base\Application.php(380): yii\console\Application->handleRequest(Object(yii\console\Request))
#19 D:\phpStudy\WWW\Yii\yii(27): yii\base\Application->run()
#20 {main}
Additional Information:

2017-08-21 07:47:09 [-][-][-][info][application] $_SERVER = [
    'ALLUSERSPROFILE' => 'C:\\ProgramData'
    'APPDATA' => 'C:\\Users\\adminisiator\\AppData\\Roaming'
    'asl_log' => 'Destination=file'
    'CommonProgramFiles' => 'C:\\Program Files (x86)\\Common Files'
    'CommonProgramFiles(x86)' => 'C:\\Program Files (x86)\\Common Files'
    'CommonProgramW6432' => 'C:\\Program Files\\Common Files'
    'COMPUTERNAME' => 'DESKTOP-TTKS2BJ'
    'ComSpec' => 'C:\\WINDOWS\\system32\\cmd.exe'
    'HOMEDRIVE' => 'C:'
    'HOMEPATH' => '\\Users\\adminisiator'
    'LOCALAPPDATA' => 'C:\\Users\\adminisiator\\AppData\\Local'
    'LOGONSERVER' => '\\\\DESKTOP-TTKS2BJ'
    'NUMBER_OF_PROCESSORS' => '4'
    'OneDrive' => 'C:\\Users\\adminisiator\\OneDrive'
    'OS' => 'Windows_NT'
    'Path' => 'D:\\python\\Scripts\\;D:\\python\\;C:\\WINDOWS\\system32;C:\\WINDOWS;C:\\WINDOWS\\System32\\Wbem;C:\\WINDOWS\\System32\\WindowsPowerShell\\v1.0\\;C:\\Program Files\\Git\\cmd;C:\\Program Files\\TortoiseGit\\bin;D:\\qampp\\Data_lib\\perl\\bin;D:\\qampp\\apache\\bin;D:\\qampp\\svnserver\\Subversion\\bin;D:\\qampp\\mysql\\bin;D:\\phpStudy\\php\\php-5.5.38;C:\\composer;C:\\Users\\adminisiator\\AppData\\Local\\Microsoft\\WindowsApps;C:\\Users\\adminisiator\\AppData\\Roaming\\Composer\\vendor\\bin'
    'PATHEXT' => '.COM;.EXE;.BAT;.CMD;.VBS;.VBE;.JS;.JSE;.WSF;.WSH;.MSC;.PY;.PYW'
    'PHP_COMMAND' => 'php.exe'
    'PROCESSOR_ARCHITECTURE' => 'x86'
    'PROCESSOR_ARCHITEW6432' => 'AMD64'
    'PROCESSOR_IDENTIFIER' => 'Intel64 Family 6 Model 94 Stepping 3, GenuineIntel'
    'PROCESSOR_LEVEL' => '6'
    'PROCESSOR_REVISION' => '5e03'
    'ProgramData' => 'C:\\ProgramData'
    'ProgramFiles' => 'C:\\Program Files (x86)'
    'ProgramFiles(x86)' => 'C:\\Program Files (x86)'
    'ProgramW6432' => 'C:\\Program Files'
    'PROMPT' => '$P$G'
    'PSModulePath' => 'C:\\Program Files\\WindowsPowerShell\\Modules;C:\\WINDOWS\\system32\\WindowsPowerShell\\v1.0\\Modules'
    'PUBLIC' => 'C:\\Users\\Public'
    'SESSIONNAME' => 'Console'
    'SystemDrive' => 'C:'
    'SystemRoot' => 'C:\\WINDOWS'
    'TEMP' => 'C:\\Users\\ADMINI~1\\AppData\\Local\\Temp'
    'TMP' => 'C:\\Users\\ADMINI~1\\AppData\\Local\\Temp'
    'USERDOMAIN' => 'DESKTOP-TTKS2BJ'
    'USERDOMAIN_ROAMINGPROFILE' => 'DESKTOP-TTKS2BJ'
    'USERNAME' => 'adminisiator'
    'USERPROFILE' => 'C:\\Users\\adminisiator'
    'windir' => 'C:\\WINDOWS'
    'YII_PATH' => 'D:\\phpStudy\\WWW\\Yii\\'
    'PHP_SELF' => 'D:\\phpStudy\\WWW\\Yii\\yii'
    'SCRIPT_NAME' => 'D:\\phpStudy\\WWW\\Yii\\yii'
    'SCRIPT_FILENAME' => 'D:\\phpStudy\\WWW\\Yii\\yii'
    'PATH_TRANSLATED' => 'D:\\phpStudy\\WWW\\Yii\\yii'
    'DOCUMENT_ROOT' => ''
    'REQUEST_TIME_FLOAT' => 1503301629.3986
    'REQUEST_TIME' => 1503301629
    'argv' => [
        0 => 'D:\\phpStudy\\WWW\\Yii\\yii'
        1 => 'migrate'
    ]
    'argc' => 2
]
